
 TIME_SERIES "i_mod_est" ---->
      0.00000000    
      0.00000000    
      0.00000000    
      0.00000000    
     0.915329009E-01
      2.22651005    
      13.0661001    
      4.27537060    
      2.81541991    
      2.17298007    
      11.0709000    
      6.27200985    
      8.98225021    
      3.71517992    
      1.72675002    
      1.08267999    
      2.08398008    
      16.5646992    
      41.9081993    
      22.4001007    
      12.6803999    
      14.7847004    
      10.1422997    
      7.39312983    
      5.72268009    
      4.50755978    
      3.58453012    
      2.88930988    
      2.37221003    
      1.98992002    
      1.82244003    
      2.59538007    
      2.03100991    
      1.71230996    
      1.49785995    
      1.40675998    
      2.31799006    
      5.37201023    
      5.57037020    
      3.18636990    
      2.25843000    
      1.81674004    
      1.52586997    
      1.30690002    
      2.15180993    
      17.3393993    
      70.9208984    
      51.0769997    
      35.3917007    
      17.9447002    
      11.5465002    
      12.8274002    
      10.6173000    
      7.93359995    
      12.7952003    
      27.8253994    
      16.0960999    
      11.2646999    
      8.85268021    
      7.31781006    
      8.65849972    
      32.2944984    
      27.8514996    
      15.6664000    
      11.0011997    
      8.66077042    
      7.04071999    
      5.80099010    
      4.84808016    
      4.12259007    
      3.61616993    
      4.47056007    
      11.4982996    
      6.19167995    
      4.40901995    
      7.33513021    
      28.0261993    
      30.3085003    
      29.1462002    
      16.5804005    
      12.3655996    
      16.5828991    
      13.6941004    
      29.0289001    
      16.8722000    
      11.9191999    
      9.44598961    
      7.71349001    
      6.37325001    
      5.38777018    
      7.22442007    
      36.6470985    
      86.8702011    
      51.1579018    
      23.8822994    
      16.5879993    
      11.3964005    
      7.99494982    
      6.24766016    
      5.36955023    
      13.1604996    
      80.1522980    
      133.899994    
      55.1282959    
      24.1888008    
      14.7685003    
      10.9716997    
      8.95503998    
      9.22875023    
      7.40239000    
      7.00638008    
      17.5256004    
      10.4886999    
      18.8469009    
      11.1078997    
      8.04018974    
      11.0476999    
      60.0155983    
      137.740005    
      65.2415009    
      45.2033997    
      28.4204998    
      23.2441006    
      15.3481998    
      11.5674000    
      9.29765034    
      7.67478991    
      7.38183022    
      15.9268999    
      28.1910992    
      50.8392982    
      31.3799992    
      25.0230999    
      15.8724003    
      12.3443003    
      14.3023005    
      8.90293026    
      6.50418997    
      5.33652020    
      4.83867979    
      13.1774006    
      79.3503036    
      116.905998    
      44.4506989    
      21.4263000    
      17.8435993    
      73.4998016    
      167.806000    
      71.0506973    
      29.2396011    
      16.8633995    
      12.2845001    
      9.77807045    
      8.06021976    
      12.8913002    
      62.2067986    
      24.7363014    
      20.5226994    
      15.1940002    
      32.1071014    
      19.6713009    
      19.5909004    
      13.2856998    
      10.2551003    
      8.40972042    
      8.13290977    
      36.1908989    
      204.059998    
      145.824005    
      51.5029984    
      23.4717999    
      19.0795002    
      31.2833996    
      16.9202995    
      11.4115000    
      9.00125980    
      9.34827995    
      25.5314999    
      29.3453007    
      17.9333992    
      11.8327999    
      10.7343998    
      19.1774998    
      49.1343994    
      166.869003    
      80.8587036    
      33.1789017    
      22.3274994    
      15.2533998    
      18.4587002    
      27.9526005    
      17.0907993    
      12.5359001    
      10.1760998    
      8.51515961    
      8.23388958    
      15.6126003    
      8.47315979    
      5.82554007    
      4.81766987    
      4.26981020    
      3.87944007    
      3.58272004    
      3.44468999    
      3.56350994    
      12.7271004    
      58.8717995    
      19.9183006    
      7.48197937    
      4.42184019    
      4.94738007    
      6.33106995    
      4.17387009    
      3.27558994    
      2.82086992    
      2.50462008    
      2.42570996    
      4.11568022    
      6.80881977    
      3.68855000    
      2.53473997    
      2.11646008    
      1.86167002    
      1.67600000    
      1.52805996    
      1.40584004    
      1.33978999    
      1.56535006    
      1.32404995    
      1.18988001    
      1.09821999    
      1.02231002    
      1.13101995    
      2.55403996    
      1.59514999    
      1.09397995    
     0.913802028    
     0.956228971    
      2.00605011    
      2.93342996    
      18.5053005    
      18.3764992    
      31.4153996    
      32.2932014    
      180.005005    
      77.1260986    
      32.3927002    
      58.4548988    
      32.9501991    
      16.5084000    
      10.7171001    
      8.04312992    
      6.34238005    
      5.11119986    
      4.19684982    
      3.53976011    
      3.22722006    
      2.95180011    
      4.43473005    
      3.61606002    
      2.71012998    
      2.29171991    
      2.41429996    
      5.40034008    
      3.20988989    
      2.36668992    
      2.00326991    
      1.77364004    
      1.61047006    
      1.45633996    
      1.33166003    
      1.22847998    
      1.24726999    
      2.07036996    
      1.47929001    
      1.22314000    
      1.09017003    
     0.993843973    
     0.914197981    
     0.846306026    
     0.787819982    
     0.736877978    
     0.691915989    
     0.651681006    
     0.615212023    
     0.581789970    
     0.615010023    
      3.39486003    
      21.9230003    
      7.58863068    
      2.46114016    
      1.15355003    
     0.792701006    
     0.649480999    
     0.564023972    
     0.501461983    
     0.452466995    
     0.413053006    
      4.54402018    
      39.3260002    
      14.3241005    
      4.75911045    
      2.23699999    
      1.55508006    
      1.18188000    
     0.948867977    
     0.781777978    
     0.944617987    
      3.55914998    
      4.33911991    
      2.67124009    
      5.63470984    
      4.20942020    
      2.39551997    
      1.67604005    
      1.46015000    
      2.73302007    
      3.82665992    
      2.29697990    
      1.64157999    
      1.30200005    
      1.06926000    
     0.893396974    
     0.758855999    
     0.656121016    
     0.577439010    
     0.516526997    
     0.468544006    
     0.429901004    
     0.398007989    
     0.371026993    
     0.347667009    
     0.327023000    
     0.308463991    
     0.291547000    
     0.275959998    
     0.261480004    
     0.247944996    
     0.235237002    
     0.223265007    
     0.211960003    
     0.201266006    
     0.191137999    
     0.181538001    
     0.172431007    
     0.163790002    
     0.155587003    
     0.147799000    
     0.140403003    
     0.133377999    
     0.126707003    
     0.120370001    
     0.114349999    
     0.108631000    
     0.368314028    
      3.22510004    
      7.00517988    
      2.35732985    
     0.937641025    
      1.00346994    
     0.917806029    
      3.69278002    
      3.13365006    
      1.35618997    
     0.760155976    
     0.540018022    
     0.422538012    
     0.342682004    
     0.284069985    
     0.240346000    
     0.207528993    
     0.371713012    
      2.33844995    
      4.72430992    
      3.18497992    
      2.19350004    
      1.35288000    
     0.944912016    
      4.03889990    
      25.1042995    
      10.3565998    
      4.03691006    
      2.61561990    
      2.59590006    
      1.84411001    
      1.42269003    
      1.18728995    
     0.961431026    
     0.790920973    
     0.661983013    
     0.564393997    
     0.490395993    
     0.433827996    
     0.390385985    
     0.460090995    
      1.37408996    
      1.69016004    
      1.70290005    
      2.66720009    
      1.85798001    
      1.41189003    
      1.82379997    
      4.44321012    
      12.1869001    
      6.61220980    
      6.11733007    
      12.2679005    
      8.46730995    
      10.4399004    
      30.8187981    
      18.2280998    
      30.2029991    
      39.9515991    
      43.8633003    
      27.1215992    
      16.4836998    
      26.2467995    
      100.847992    
      56.6595993    
      27.1375999    
      22.7794991    
      14.8848000    
      12.1622000    
      19.3125992    
      17.6592007    
      12.2487001    
      11.4706001    
      11.3642998    
      8.76082039    
      7.16703987    
      6.04475021    
      5.18267012    
      4.51042986    
      4.50837994    
      8.53660011    
      5.74184990    
      10.8247995    
      63.0438995    
      28.9734001    
      20.4843006    
      16.9542007    
      11.5788002    
      8.89035034    
      7.19340992    
      6.29197979    
      9.32686043    
      17.1152992    
      24.7402992    
      33.6052017    
      19.3288994    
      19.2036991    
      12.6514997    
      11.1751003    
      8.32765961    
      6.74115992    
      5.87963009    
      7.95983982    
      33.0559998    
      18.9428997    
      11.7537003    
      8.91333008    
      7.80899000    
      9.44064999    
      11.8867998    
      56.4271011    
      40.3394012    
      84.9386978    
      35.9062996    
      19.1005001    
      13.2976999    
      10.3908997    
      8.63654995    
      11.5616999    
      50.3054008    
      22.6616993    
      20.3749008    
      42.2598000    
      22.1786995    
      14.5702000    
      11.2516003    
      9.14080048    
      7.55607986    
      11.1223001    
      51.5402985    
      33.6113014    
      17.8057003    
      23.1137009    
      57.9117012    
      36.1981010    
      19.9668999    
      13.9006996    
      10.8828001    
      8.86225033    
      7.35908985    
      6.22100019    
      5.35847998    
      4.70180988    
      4.20347977    
      3.87089992    
      3.52461004    
      3.73245001    
      7.54168987    
      4.52047014    
      3.37805009    
      2.93394995    
      2.67317009    
      4.89674997    
      26.3852997    
      23.1858997    
      9.04405975    
      4.71050978    
      3.40558004    
      2.83515000    
      7.82281971    
      52.3706017    
      21.3502007    
      15.6396999    
      9.74333000    
      7.36891985    
      6.55508995    
      4.99351978    
      7.98593998    
      48.2507019    
      88.2149963    
      35.1301994    
      17.6650009    
      11.9710999    
      10.2972002    
      18.4230995    
      35.6030006    
      177.488998    
      62.0207977    
      24.4188004    
      13.8845997    
      9.96343040    
      7.84459019    
      6.40367985    
      5.88283014    
      9.54817963    
      5.97907019    
      7.32361984    
      6.58296013    
      24.5907993    
      37.6995010    
      20.4314995    
      52.4183998    
      51.6161995    
      227.731003    
      81.7920990    
      30.5041008    
      16.2672005    
      11.3682003    
      8.86283970    
      7.20128012    
      5.99633980    
      5.10170984    
      4.43035984    
      3.92008996    
      3.52525997    
      3.21285009    
      2.95936990    
      2.74827003    
      2.56802011    
      2.41059995    
      2.27043009    
      2.14363003    
      2.02747011    
      1.92004001    
      1.81993997    
      1.72617996    
      1.63801003    
      1.77869999    
      3.56039000    
      2.05047989    
      1.55495000    
      1.34616005    
      1.24317002    
      1.16911995    
      1.17700005    
      2.97620010    
      13.1632004    
      6.91731024    
      2.62252998    
      2.43168998    
      10.4940996    
      4.22092009    
      5.72160006    
      8.63648987    
      6.43387985    
      2.79364991    
      1.63902998    
      1.24216998    
      1.04071999    
     0.903213024    
     0.798582971    
     0.716396987    
      1.01906002    
      4.35378981    
      4.67755985    
      1.91583014    
      1.05525994    
     0.947052002    
      2.26501989    
      1.19582999    
     0.801330984    
     0.648437023    
     0.561523974    
     0.746231019    
      2.76377010    
      1.18980002    
     0.657432020    
     0.493474007    
     0.422286004    
     0.376731992    
     0.341760010    
     0.380879998    
     0.940546989    
      2.51868010    
      20.0916004    
      28.7859993    
      9.50994873    
      8.73406029    
      6.64563990    
      4.00231981    
      2.52375007    
      1.85869002    
      1.45437002    
      1.16270995    
      1.67006004    
      8.99779034    
      17.7632008    
      18.7950001    
      8.48641968    
      4.99625015    
      3.70460010    
      3.55348992    
      3.45520997    
      4.13895988    
      11.6803999    
      7.27726984    
      16.7924995    
      9.86258030    
      6.98780012    
      5.48313999    
      4.39040995    
      3.53060007    
      2.86352992    
      2.35740995    
      1.97827995    
      1.69490004    
      1.48163998    
      1.31884003    
      1.19205999    
      1.09091997    
      1.00811005    
     0.956499994    
      1.05347002    
      1.01135004    
      1.43309999    
      1.10323000    
      1.34238005    
      4.60025978    
      2.13614988    
      1.27942002    
     0.990894020    
     0.847949982    
     0.749408007    
     0.672581017    
     0.610655010    
     0.559965014    
     0.648765028    
      1.71660995    
     0.982473016    
     0.699172020    
     0.585530996    
      1.89154005    
      17.5002003    
      44.1804008    
      16.9648991    
      6.29281998    
      3.35682011    
      2.35668993    
      1.82712996    
      1.46007001    
      1.18691003    
     0.982451975    
      1.24448001    
      8.84004974    
      42.0945015    
      18.8747005    
      9.48717022    
      6.33003998    
      4.79352999    
      3.75838995    
      2.98723006    
      2.40875006    
      1.97864997    
      1.66035998    
      1.42410004    
      1.24689996    
      1.11176002    
      1.00642002    
     0.922219992    
     0.853096008    
     0.794838011    
     0.744530022    
     0.700155973    
     0.660317004    
     0.624036014    
     0.590628982    
      1.78283000    
      12.0415001    
      5.21049976    
      2.28978992    
      1.71405995    
      3.77660990    
      2.20923996    
      2.45128012    
      7.85567999    
      3.81391001    
      2.32760000    
      1.74249005    
      1.40239000    
      1.15618002    
     0.968743026    
     0.972536027    
      2.12227011    
      3.96111012    
      25.0531998    
      14.3245001    
      11.4860001    
      7.97660017    
      11.2110004    
      18.9188995    
      51.7237015    
      24.0823002    
      13.1232996    
      8.11225986    
      5.87391996    
      5.49243021    
      6.70596981    
      4.90895987    
      3.92179990    
      3.28379011    
      2.84044003    
      2.45195007    
      2.14998007    
      2.11907005    
      3.99064994    
      8.52808952    
      32.3167000    
      20.4911995    
      14.8217001    
      34.3754997    
      33.4926987    
      25.7397003    
      19.6611996    
      12.9778004    
      9.91359997    
      8.32462978    
      7.45438004    
      6.28919983    
      5.28572989    
      5.18598986    
      4.72528982    
      5.36924982    
      16.6145000    
      10.7109003    
      8.48678017    
      11.1535997    
      14.3223000    
      10.3107996    
      12.9378996    
      40.2881012    
      30.8325005    
      34.0737000    
      19.1830006    
      13.1817999    
      10.4394999    
      10.3198996    
      7.41654015    
      5.79517984    
      4.83239985    
      4.17036009    
      3.68021011    
      3.30386996    
      3.37888002    
      7.17082024    
      19.6187000    
      73.0960007    
      29.8095016    
      15.4329996    
      13.5073004    
      22.2472992    
      45.2641983    
      28.7591000    
      44.0350990    
      31.7900009    
      20.4277000    
      32.7276001    
      33.8386002    
      32.0411987    
      21.5690002    
      26.4323997    
      21.7495995    
      14.7518997    
      11.3284998    
      9.22218990    
      8.87884045    
      20.4659996    
      36.5185013    
      20.1516991    
      18.6212997    
      26.2858009    
      25.3596992    
      56.5246010    
      69.6896973    
      33.4449005    
      32.4039993    
      23.1623993    
      15.7454004    
      12.1355000    
      9.90221977    
      8.39128971    
      9.94752026    
      29.4270020    
      16.4214993    
      11.2006998    
      16.5105991    
      51.4774017    
      76.1651001    
      45.7594986    
      24.0744991    
      22.7800999    
      23.7173004    
      47.7831001    
      82.3581009    
      205.059006    
      89.5970001    
      35.3328018    
      19.4407997    
      13.9048996    
      11.0688000    
      9.17854977    
      8.04629040    
      9.16119957    
      9.85126972    
      31.4333992    
      31.5142994    
      17.8537998    
      16.1518002    
      17.0890007    
      11.8178997    
      12.8080997    
      29.5851994    
      52.9854012    
      41.3172989    
      40.9378014    
      22.4906006    
      16.0925999    
      19.0394001    
      12.0023003    
      8.57707024    
      6.92993021    
      5.91825008    
      5.19680023    
      4.64892006    
      10.9483995    
      83.2702026    
      179.632004    
      76.9369965    
      145.164993    
      97.6252975    
      62.7631989    
      29.0916977    
      24.8390999    
      81.2722015    
      52.1778984    
      24.9857998    
      17.2427998    
      24.5615005    
      14.2231998    
      10.9816999    
      17.3966999    
      10.1212997    
      8.71275043    
      19.7038994    
      14.1655998    
      40.8310013    
      99.0874023    
      50.8880997    
      29.1966991    
      60.6397018    
      39.4440994    
      36.0009995    
      25.0571995    
      57.2983017    
      50.6469002    
      28.9269009    
      45.3063011    
      33.4257011    
      19.9456005    
      14.3860998    
      11.5268002    
      9.59527969    
      8.31085968    
      8.55305004    
      6.74610996    
      5.76710987    
      5.15205002    
      4.69430017    
      4.32825994    
      8.00399017    
      40.9207993    
      25.7537994    
      86.6080017    
      38.7085991    
      28.2933006    
      48.0745010    
      24.6443005    
      15.8295002    
      12.0509005    
      9.71835995    
      8.00438976    
      6.70101023    
      5.71055984    
      4.95828009    
      4.38297987    
      3.93672991    
      3.58359003    
      3.29744005    
      3.05963993    
      2.85709000    
      2.68059993    
      2.52378988    
      2.38218999    
      2.25266004    
      2.26190996    
      3.22726011    
      2.34750009    
      2.05235004    
      6.82166004    
      48.0331993    
      27.4316998    
      10.3206997    
      5.38837004    
      4.16942978    
      6.43920994    
      15.2308998    
      77.8091965    
      29.9004974    
      13.9003010    
      8.98279953    
      6.83908987    
      5.29221010    
      4.25077009    
      3.50801992    
      2.96374989    
      2.55926991    
      2.25430989    
      2.02010012    
      1.83606994    
      1.68772995    
      1.56493998    
      1.46064997    
      1.36998999    
      1.28955996    
      1.21702003    
      1.15072000    
      1.08950996    
      1.03254998    
     0.979242980    
     0.929148018    
     0.881926000    
     0.837314010    
     0.931326985    
      2.02456999    
      1.69156003    
      6.11106968    
      3.98733997    
      16.8020992    
      5.58438015    
      1.95071983    
      1.03187001    
     0.771116018    
     0.661553025    
     0.592712998    
     0.540232003    
     0.579999983    
      1.23856997    
     0.756663978    
     0.571493030    
     0.492740005    
     0.442943990    
     0.403907001    
     0.371419996    
     0.343917996    
     0.320342988    
     0.317030996    
     0.443875998    
     0.336254001    
     0.288691014    
     0.263202012    
     0.244207993    
     0.228011996    
     0.255061001    
     0.587294996    
     0.322394013    
     0.228789002    
     0.195939004    
     0.178537995    
     0.165585995    
     0.154630005    
     0.145005003    
     0.172342002    
     0.464148015    
     0.235093996    
     0.285685003    
      1.33668017    
     0.487390041    
     0.212520003    
     0.139383003    
     0.115441002    
     0.103251003    
     0.945857018E-01
     0.875549987E-01
     0.815842971E-01
     0.763963014E-01
     0.718088001E-01
     0.676900968E-01
     0.639441013E-01
     0.605003983E-01
     0.573077984E-01
     0.543286987E-01
     0.515353009E-01
     0.489064008E-01
     0.464258008E-01
     0.440807007E-01
     0.418605991E-01
     0.713374987E-01
     0.334867001    
     0.155809999    
     0.719889998E-01
     0.480588004E-01
     0.399953984E-01
     0.357883982E-01
     0.327491984E-01
     0.302680004E-01
     0.281607006E-01
     0.263349004E-01
     0.247269999E-01
     0.232893005E-01
     0.219867006E-01
     0.207928997E-01
     0.196889006E-01
     0.182095006    
      1.53717005    
     0.643886983    
      1.79624009    
     0.668200016    
     0.390235007    
      1.82467985    
     0.585312009    
     0.189377010    
     0.874909014E-01
     0.835328028E-01
     0.291256011    
     0.135481000    
     0.786307007E-01
     0.574903004E-01
     0.461511016E-01
     0.383259989E-01
     0.324793011E-01
     0.280377995E-01
     0.246405005E-01
     0.225019008E-01
     0.246390998E-01
     0.211351998E-01
     0.189296007E-01
     0.173103996E-01
     0.159690995E-01
     0.148195000E-01
     0.138224000E-01
     0.129482001E-01
     0.121718999E-01
     0.114738001E-01
     0.108383996E-01
     0.304019004    
      2.80867004    
      2.01291990    
      6.23625994    
      7.03002977    
      2.10967970    
     0.636089087    
     0.297957987    
     0.452322006    
     0.401708990    
      1.45484996    
     0.903558016    
      2.94040990    
      2.05079007    
     0.859226942    
     0.471349001    
     0.337734997    
     0.257885993    
     0.205034003    
     0.474968016    
      3.02772999    
      1.22170997    
     0.603981018    
     0.404514015    
     0.310959995    
     0.249669001    
     0.245527998    
     0.562600017    
     0.365184993    
     0.273503989    
     0.222765997    
     0.186306998    
     0.158014998    
     0.135991007    
     0.119355999    
     0.109889999    
     0.221809000    
      2.98870993    
      16.7952995    
      5.34012032    
      3.74043989    
      20.3101006    
      10.4165001    
      4.07694006    
      2.17923999    
      1.50806999    
      1.79995000    
      7.14690018    
      4.44618988    
      2.68951988    
      1.95837998    
      1.53367996    
      1.44887996    
      3.13357997    
      2.09747005    
      1.96980000    
      5.31819010    
      7.77327013    
      7.70745993    
      5.13712978    
      3.50969005    
      2.68294001    
      2.13296008    
      1.72103000    
      1.40830004    
      1.17293000    
      3.00830007    
      19.7008991    
      8.10851002    
      7.96567011    
      8.03573990    
      31.8313007    
      38.7265015    
      19.3462009    
      12.1906996    
      9.03864956    
      7.12702990    
      6.36464024    
      4.74802017    
      3.74971008    
      3.14286995    
      4.34921980    
      17.3281002    
      42.9093018    
      43.1665993    
      30.9871006    
      41.7939987    
      84.6899033    
      56.9709015    
      58.9998016    
      78.2072983    
      112.712997    
      92.0020981    
      68.7853012    
      42.8488998    
      40.7249985    
      23.5660992    
      16.9580994    
      21.5258999    
      14.7700005    
      11.4256001    
      9.47813034    
      7.98823023    
      13.0890999    
      65.2219009    
      34.8711014    
      19.8708000    
      27.6613007    
      22.7500000    
      15.4133997    
      11.5448999    
      9.38702011    
      7.86738014    
      6.70558977    
      5.80699015    
      5.35467005    
      6.87104988    
      5.20366001    
      6.23935986    
      21.7894001    
      16.4719009    
      8.78617001    
      7.92362022    
      5.69127989    
      4.62411022    
      4.00748014    
      4.23609018    
      12.1028996    
      27.1495991    
      16.3262997    
      29.0692997    
      15.8866997    
      14.6351995    
      8.82931995    
      9.56083012    
      38.2695007    
      50.3140984    
      27.6702003    
      16.2110996    
      11.7174997    
      9.34239960    
      8.40847015    
      8.03460979    
      20.9726009    
      22.4507008    
      120.927002    
      44.6156006    
      19.2490005    
      11.8289003    
      8.88850021    
      7.16614008    
      5.94386005    
      5.14106989    
      5.42153978    
      4.65827990    
      3.86299992    
      3.39552999    
      3.85226989    
      10.1947002    
      5.41573000    
      3.69877005    
      3.06250000    
      5.45852995    
      28.0972004    
      10.4881992    
      5.80569983    
      13.2747002    
      6.53990984    
      4.13856983    
      3.23925996    
      2.73655009    
      2.44761992    
      2.79794002    
      5.80370998    
      35.5780983    
      24.3593006    
      105.144997    
      38.9515991    
      17.1515007    
      10.6605997    
      11.4196997    
      43.2103004    
      58.9757004    
      28.6051006    
      42.4217987    
      58.9224014    
      27.4015999    
      16.2420998    
      11.8753996    
      9.54615974    
      17.1180000    
      92.7146912    
      164.102997    
      246.251007    
      84.2266998    
      34.3101006    
      18.2509003    
      12.9833002    
      11.7250004    
      11.1014004    
      29.4256992    
      22.2865009    
      14.0703001    
      10.6805000    
      8.76741028    
      7.36886978    
      6.27832985    
      5.42773008    
      5.08134985    
      7.20041990    
      4.98827982    
      6.10183001    
      22.7105007    
      9.43455029    
      5.02091980    
      3.72745991    
      3.20775008    
      2.88928008    
      2.64525008    
      2.44390011    
      2.27304006    
      2.17549992    
      2.47029996    
      2.24546003    
      3.23807001    
      2.23783994    
      1.86601996    
      1.74843001    
      1.57791996    
      1.46071994    
      1.36670005    
      1.28455997    
      1.21066999    
      1.44008005    
      3.99187994    
      3.25665998    
      1.67170000    
      1.17000997    
      1.00133002    
     0.914689004    
     0.850964010    
     0.796953976    
     0.749164999    
     0.914788008    
      2.61072993    
      1.24382997    
      1.14585996    
      4.18665981    
      3.28030992    
      1.36508000    
     0.793770015    
      6.76254988    
      56.9292984    
      17.2900009    
      4.75426006    
      1.72223997    
     0.972554982    
     0.841135979    
      1.66196001    
      3.00987005    
      18.7630997    
      6.92963982    
      3.00672007    
      1.98861003    
      3.27065992    
      7.53994989    
      10.2579002    
      65.0441971    
      30.8724976    
      14.2619991    
      8.61114979    
      6.27394009    
      4.85935020    
      3.83578992    
      3.09692001    
      2.75083995    
      2.19793010    
      1.83717000    
      1.58519006    
      1.39774001    
      1.25353003    
      1.13978004    
      1.04780996    
     0.971545994    
      1.02232003    
      2.03590012    
      2.17139006    
      1.36618996    
      1.05824006    
     0.915888011    
     0.821902990    
     0.751568019    
     0.691969991    
     0.638683021    
     0.593770981    
     0.555018008    
     0.520933986    
     0.490491986    
     0.462936997    
     0.437712997    
     0.414409995    
     0.392724991    
     0.372433990    
     0.353368014    
     0.335399985    
     0.318426996    
     0.302367985    
     0.287156999    
     0.272736013    
     0.259056985    
     0.246076003    
     0.233752996    
     0.222051993    
     0.210941002    
     0.200387999    
     0.190364003    
     0.180843994    
     0.171800002    
     0.163207993    
     0.494987011    
      3.39827991    
      1.92084002    
     0.667289019    
     0.311275989    
     0.212928995    
     0.175655007    
     0.154127002    
     0.138400003    
     0.125942007    
     0.115762003    
     0.107265003    
     0.495166987    
      3.77130008    
      1.21352005    
     0.397772014    
     0.193246007    
     0.136133000    
     0.112843998    
     0.987071022E-01
     0.882799998E-01
     0.800639987E-01
     0.734046027E-01
     0.678886995E-01
     0.632209033E-01
     0.591866001E-01
     0.556310005E-01
     0.532026999E-01
     0.568138994E-01
     0.429574013    
      3.56910992    
      1.11690998    
     0.341567993    
     0.145852998    
     0.930752978E-01
     0.730481967E-01
     0.770830989    
      6.65288019    
      2.05681992    
     0.595824003    
     0.234695017    
     0.138620004    
     0.187180996    
     0.918177009    
     0.853312016    
      1.66635001    
      7.76046991    
      4.44899988    
      1.54399014    
      1.65685999    
      4.98270988    
      1.99169016    
     0.914600015    
     0.780538023    
      2.36696005    
      1.18924999    
     0.739580989    
      2.79731989    
      21.4193001    
      7.85490990    
      6.23087978    
      5.95653009    
      3.66908002    
      6.99702978    
      9.14853001    
      22.6383991    
      18.7689991    
      14.7163000    
      23.1749001    
      26.3826008    
      15.2839003    
      10.5854998    
      8.10896015    
      6.39979982    
      5.11789989    
      4.15327978    
      3.43404007    
      2.89993000    
      2.50177002    
      2.20157003    
      1.97123003    
      1.79048002    
      1.64497995    
      1.52471995    
      1.42270005    
      1.33411002    
      1.25559998    
      1.18483996    
      1.12020004    
      1.06054997    
      1.00505996    
     0.953150988    
     0.904371977    
     0.858397007    
     0.814966023    
     0.773872972    
     0.734947026    
     0.698042989    
     0.663034976    
     0.629849017    
      1.35548997    
      7.65232944    
      3.10527992    
      3.75096989    
      24.4701996    
      44.0685997    
      50.6617012    
      24.9647999    
      14.0639000    
      12.2577000    
      8.06933975    
      7.76884985    
      20.7042007    
      19.8162994    
      12.3402004    
      9.05891991    
      7.16274023    
      5.77340984    
      5.39345980    
      10.3945999    
      6.08764982    
      4.89390993    
      3.78296995    
      3.19960999    
      3.24558997    
      2.74114990    
      3.08394003    
      9.74030972    
      14.9926996    
      9.25524044    
      10.4612999    
      6.67058992    
      4.90600014    
      4.02427006    
      4.20174980    
      4.64335012    
      18.5407009    
      33.5368996    
      32.5199013    
      58.8511009    
      72.9817963    
      81.5800018    
      41.5681992    
      21.0305004    
      13.7955999    
      10.4179001    
      8.29117012    
      6.76116991    
      6.50345993    
      12.2730999    
      7.88872004    
      5.68727016    
      4.69048977    
      4.06302977    
      3.58831000    
      3.56132007    
      6.24105978    
      4.93614006    
      8.82196045    
      10.0983000    
      31.0879021    
      15.9906998    
      11.6908998    
      8.35548019    
      6.98309994    
      5.53707981    
      4.55008984    
      3.83225989    
      3.29219007    
      2.88073993    
      2.56370997    
      4.48343992    
      28.3885994    
      65.3380966    
      26.7404022    
      22.6534004    
      28.2275009    
      29.2115002    
      16.5510006    
      14.8520002    
      41.4856987    
      27.9876003    
      16.5489006    
      19.8960991    
      11.8733997    
      8.40001011    
      6.64286995    
      9.45137024    
      41.7478981    
      18.1243992    
      11.9181995    
      17.2252998    
      21.4668007    
      26.6485996    
      25.4650002    
      44.5987015    
      42.6837997    
      22.4846992    
      14.7170000    
      10.0187998    
      7.65880013    
      11.3266001    
      52.9412003    
      22.7506008    
      12.2230997    
      12.2374001    
      48.6123009    
      101.806000    
      40.9356003    
      25.8402004    
      62.7479019    
      27.3521996    
      14.8682003    
      10.5220003    
      8.37979031    
      6.97478008    
      5.94676018    
      9.30776978    
      48.8953018    
      75.0182037    
      66.6050034    
      29.4053001    
      17.3089008    
      28.2716999    
      142.220001    
      113.399002    
      128.901993    
      248.625000    
      88.4304962    
      47.5943985    
      43.7000008    
      24.0156002    
      16.4225006    
      12.8442001    
      47.8536987    
      363.931000    
      184.735992    
      71.8199005    
      154.766998    
      390.256989    
      219.792999    
      154.195007    
      78.9488983    
      47.9440994    
      46.6430016    
      66.1701965    
      32.8047981    
      20.6284008    
      15.7187004    
      12.8727999    
      10.9164000    
      9.98981953    
      8.20785046    
      18.8111992    
      115.281998    
      40.6253967    
      16.4365997    
      9.95394039    
      9.98808956    
      27.4302025    
      15.4524002    
      18.9603996    
      16.9197998    
      15.7516003    
      11.5459003    
      9.29353046    
      7.87831020    
      7.40929985    
      6.16565990    
      5.25879002    
      4.64636993    
      4.18709993    
      4.82341003    
      14.4273996    
      21.2947006    
      12.0648003    
      7.05812979    
      5.33452988    
      9.51189995    
      48.8551025    
      22.1767998    
      12.9670000    
      21.6786995    
      64.5099030    
      87.8501968    
      102.017998    
      45.9073982    
      68.4781036    
      36.8941994    
      19.7595005    
      13.5186996    
      10.4963999    
      8.54255962    
      7.12405014    
      6.06349993    
      5.26311016    
      4.67135000    
      4.35651016    
      3.89354992    
      3.55615997    
      3.28958011    
      3.06573009    
      2.87177992    
      2.70026994    
      2.54612994    
      2.40578008    
      2.27660990    
      2.15675998    
      2.05806994    
      2.06703997    
      1.91944003    
      1.80360997    
      1.70261002    
      1.60952997    
      1.52285004    
      1.78587997    
      4.80910015    
      5.09406996    
      7.56733990    
      4.32390022    
      3.93540001    
      2.12790990    
      1.51408994    
      1.27958000    
      1.14892995    
      1.17021000    
      2.32025003    
      5.77704000    
      2.49355006    
      1.39802003    
      1.06201005    
     0.916199982    
     0.822476029    
     0.749956012    
     0.690419972    
     0.640340984    
     0.597433984    
     0.560011029    
     0.526812017    
     0.496912986    
     0.469642013    
     0.694253027    
      2.76272988    
      1.57034004    
      5.33104992    
      19.1368999    
      6.04117966    
      1.91753006    
     0.889201045    
     0.606073022    
     0.494002014    
     0.427926987    
     0.907047987    
      5.27017021    
      2.26610994    
      3.09032989    
      2.16447997    
      1.16187000    
     0.795219004    
     0.626559019    
     0.519425988    
     0.440898001    
     0.391231000    
      1.24820006    
      9.21605015    
      14.3903999    
      7.17751980    
      26.5041008    
      41.2663994    
      19.0153999    
      25.5615997    
      13.7054005    
      9.00650024    
      6.75179005    
      5.51316023    
      6.59354019    
      4.92713022    
      4.28434992    
      10.6988001    
      16.2353001    
      10.0808001    
      7.45550013    
      5.97263002    
      4.85273981    
      3.96092010    
      3.26496005    
      2.73357010    
      3.28367996    
      11.1787004    
      7.34635019    
      5.17786980    
      11.7349005    
      6.97868013    
      4.88874006    
      3.88899994    
      3.21310997    
      2.69162011    
      2.28527999    
      1.97643995    
      1.73304999    
      1.63180995    
      3.23736000    
      11.2501001    
      6.05656004    
      5.74021006    
      3.94515991    
      3.06057000    
      2.51052999    
      2.10273004    
      1.78805995    
      1.54525995    
      1.35803998    
      1.21265996    
      1.09810996    
      1.00601006    
     0.930216014    
     0.866306007    
     0.811154008    
     0.762561977    
     0.718989015    
     0.679354012    
     0.642894030    
     0.609063983    
     0.590449989    
     0.676504016    
     0.637645006    
      1.25339997    
      6.70538998    
      3.04215002    
      1.75874996    
      1.83594000    
      6.62055016    
      8.25199986    
      3.99996996    
      2.49449992    
      2.68326998    
      9.93198013    
      25.9640999    
      18.4176998    
      12.9935999    
      8.80014038    
      6.62565994    
      5.18080997    
      4.10442019    
      3.29278994    
      2.68713999    
      2.23855996    
      1.90621996    
      1.65802002    
      1.55631006    
      3.11401010    
      10.8230000    
      5.94151020    
      3.80718994    
      6.44597006    
      22.6709003    
      17.5205002    
      11.2860003    
      10.2798004    
      7.63308001    
      12.5328999    
      66.4975967    
      28.4911995    
      17.3125992    
      37.3883018    
      29.7940006    
      16.7444000    
      11.6431999    
      8.98484039    
      7.24517012    
      6.27731991    
      5.09966993    
      4.31131983    
      7.41674995    
      36.0251999    
      20.5657005    
      12.2577000    
      9.05410957    
      7.26763010    
      5.97156000    
      4.97199011    
      4.20330000    
      3.61661005    
      3.16862988    
      3.47728992    
      9.44974041    
      12.7453003    
      15.1549997    
      14.2574997    
      12.6192999    
      37.5760994    
      36.5191002    
      21.7595005    
      13.9492998    
      11.8122997    
      14.4677000    
      10.2608995    
      8.01023006    
      6.56580019    
      5.61548996    
      5.90260983    
      4.70949984    
      3.98215008    
      3.48272991    
      3.10083008    
      2.79750991    
      2.67803001    
      4.30185986    
      9.91306019    
      5.39021015    
      3.70681000    
      3.03366995    
      2.81903005    
      7.03116989    
      30.5251007    
      16.8684006    
      24.5841007    
      16.0207005    
      19.0123005    
      20.5475998    
      37.2663994    
      34.6864014    
      19.1326008    
      13.0134001    
      10.0115004    
      8.36046028    
      12.0639000    
      29.1716995    
      25.0767994    
      60.1453018    
      28.2409000    
      16.8008003    
      12.8901997    
      9.97391987    
      14.4057999    
      10.3393002    
      7.78971004    
      6.41013002    
      5.45301008    
      4.71594000    
      4.17738008    
      4.06486988    
      3.57278991    
      3.21795011    
      2.94062996    
      2.71079993    
      2.51584005    
      2.34788990    
      2.20326996    
      3.24764991    
      12.7528000    
      5.51794004    
      21.5405006    
      174.343994    
      57.8809052    
      20.7684975    
      23.6317005    
      12.8528004    
      8.70143032    
      11.6753998    
      52.0635986    
      25.5023994    
      13.7866001    
      20.0569992    
      17.9862995    
      11.5418997    
      8.65209007    
      6.95949984    
      5.72300005    
      4.77164984    
      4.04167986    
      3.48498988    
      3.05971003    
      2.73146009    
      2.47373009    
      2.26684999    
      2.09666991    
      2.19448996    
      13.7609997    
      129.820999    
      378.838989    
      142.981003    
      114.684998    
      395.670013    
      145.052002    
      46.8266983    
      35.3199005    
      150.992004    
      66.1218033    
      27.4454994    
      16.5671005    
      18.1807003    
      12.5750999    
      13.4112997    
      10.1970997    
      8.04664040    
      8.89214993    
      25.9766998    
      14.4055996    
      11.0358000    
      8.44277954    
      6.94213009    
      5.87868977    
      5.05988979    
      4.42107010    
      3.92168999    
      3.52847004    
      3.21432996    
      2.95835996    
      2.75624990    
      2.67115998    
      2.56277990    
      4.12859011    
      11.5464001    
      5.33630991    
      4.52768993    
      2.96773005    
      3.84432006    
      15.8058004    
      6.36373043    
      3.23169994    
      2.91094995    
      7.47638988    
      3.64521003    
      2.30063009    
      1.83922994    
      1.60821998    
      1.44793999    
      1.67165005    
      4.49309015    
      2.27804995    
      1.54568994    
      1.63714004    
      1.28331006    
      1.10790002    
     0.999951005    
     0.917001009    
     0.847898006    
     0.788812995    
     0.737514973    
     0.695429027    
     0.681759000    
     0.633551002    
     0.594753027    
     0.560845971    
     0.529846013    
     0.504454970    
     0.525068998    
     0.873381019    
      2.68798995    
      1.77617002    
      1.08766997    
      1.10511005    
      5.97807980    
      11.3786001    
      3.67576027    
      1.28567004    
     0.677797019    
     0.498264998    
     0.553599000    
      2.80635977    
      11.7566004    
      3.86048031    
      1.34336996    
      2.38347006    
      16.2341003    
      7.52478981    
      22.8498993    
      12.8073997    
      5.26184988    
      3.62109995    
      2.33361006    
      1.72019994    
      1.34792995    
      1.08378994    
     0.888383985    
     0.743072987    
     0.634787023    
     0.553488016    
     0.491591990    
     0.443533987    
     0.405324996    
     0.513225019    
      2.59085011    
      9.59115028    
      3.54866982    
      1.56251001    
     0.983861029    
     0.754049003    
     0.618752003    
     0.522068977    
     0.449176997    
     0.393449008    
     0.350389004    
     0.322683007    
     0.348715991    
     0.315764993    
     0.327715993    
     0.306973010    
     0.412081003    
     0.328020990    
     0.286660999    
     0.296846002    
     0.256727010    
     0.228606999    
     0.206795007    
     0.188736007    
     0.173558995    
     0.519236982    
      3.50662994    
      1.39527988    
      1.38536000    
      4.79496002    
      1.70236015    
     0.694213033    
     0.410881013    
     0.307401001    
     0.251082987    
     0.212317005    
     0.183461994    
     0.161456004    
     0.144413993    
     0.130978003    
     0.120153002    
     0.111220002    
     0.103664003    
     0.971250013E-01
     0.913489982E-01
     0.861586034E-01
     0.814291015E-01
     0.770725980E-01
     0.730262995E-01
     0.692448989E-01
     0.656948015E-01
     0.623507015E-01
     0.591931008E-01
     0.562064983E-01
     0.533779003E-01
     0.506967008E-01
     0.481535010E-01
     0.457721017E-01
     0.437569991E-01
     0.414756015E-01
     0.438955009    
      3.75583005    
      1.16752982    
     0.345095992    
     0.142038003    
     0.918700993E-01
     0.108847000    
     0.288130999    
      1.66838002    
     0.759783030    
     0.314559013    
     0.796949029    
      5.12589979    
      5.58238983    
      1.79335999    
     0.641211033    
     0.333103001    
     0.442160010    
      3.71452999    
      15.3027000    
      7.10285950    
      16.8868999    
      12.0256004    
      8.19289970    
      3.91020966    
      2.41988993    
      2.29341006    
      6.45273018    
      4.75197983    
      3.88915992    
      8.39326954    
      6.46761990    
      4.58718014    
      3.55574989    
      2.82593012    
      2.26063991    
      1.84105003    
      1.52300000    
      1.26671004    
      1.07690001    
     0.964779973    
      1.12328994    
